<?xml version="1.0" encoding="UTF-8"?>
<!-- Generated by org.testng.reporters.JUnitXMLReporter -->
<testsuite ignored="0" hostname="LAPTOP-AA8TAC45" failures="0" tests="4" name="Test" time="9.238" errors="0" timestamp="2024-07-24T23:08:29 IST">
  <testcase classname="com.fw.testcases.UserTests" name="testCreateUser" time="2.926"/>
  <testcase classname="com.fw.testcases.UserTests" name="testGetUser" time="1.374"/>
  <testcase classname="com.fw.testcases.UserTests" name="updateUser" time="2.697"/>
  <testcase classname="com.fw.testcases.UserTests" name="deleteUser" time="1.346"/>
</testsuite> <!-- Test -->
