<?xml version="1.0" encoding="UTF-8"?>
<testng-results ignored="0" total="4" passed="4" failed="0" skipped="0">
  <reporter-output>
  </reporter-output>
  <suite started-at="2024-07-24T23:50:33 IST" name="Suite" finished-at="2024-07-24T23:50:42 IST" duration-ms="9390">
    <groups>
    </groups>
    <test started-at="2024-07-24T23:50:33 IST" name="Test" finished-at="2024-07-24T23:50:42 IST" duration-ms="9390">
      <class name="com.fw.testcases.UserTests">
        <test-method is-config="true" signature="setUpData()[pri:0, instance:com.fw.testcases.UserTests@42e99e4a]" started-at="2024-07-24T23:50:33 IST" name="setUpData" finished-at="2024-07-24T23:50:33 IST" duration-ms="633" status="PASS">
          <reporter-output>
          </reporter-output>
        </test-method> <!-- setUpData -->
        <test-method signature="testCreateUser()[pri:1, instance:com.fw.testcases.UserTests@42e99e4a]" started-at="2024-07-24T23:50:33 IST" name="testCreateUser" finished-at="2024-07-24T23:50:36 IST" duration-ms="3048" status="PASS">
          <reporter-output>
          </reporter-output>
        </test-method> <!-- testCreateUser -->
        <test-method signature="testGetUser()[pri:2, instance:com.fw.testcases.UserTests@42e99e4a]" started-at="2024-07-24T23:50:36 IST" name="testGetUser" finished-at="2024-07-24T23:50:38 IST" duration-ms="1435" status="PASS">
          <reporter-output>
          </reporter-output>
        </test-method> <!-- testGetUser -->
        <test-method signature="updateUser()[pri:3, instance:com.fw.testcases.UserTests@42e99e4a]" started-at="2024-07-24T23:50:38 IST" name="updateUser" finished-at="2024-07-24T23:50:41 IST" duration-ms="2711" status="PASS">
          <reporter-output>
          </reporter-output>
        </test-method> <!-- updateUser -->
        <test-method signature="deleteUser()[pri:4, instance:com.fw.testcases.UserTests@42e99e4a]" started-at="2024-07-24T23:50:41 IST" name="deleteUser" finished-at="2024-07-24T23:50:42 IST" duration-ms="1350" status="PASS">
          <reporter-output>
          </reporter-output>
        </test-method> <!-- deleteUser -->
      </class> <!-- com.fw.testcases.UserTests -->
    </test> <!-- Test -->
  </suite> <!-- Suite -->
</testng-results>
