<?xml version="1.0" encoding="UTF-8"?>
<testng-results ignored="0" total="4" passed="4" failed="0" skipped="0">
  <reporter-output>
  </reporter-output>
  <suite started-at="2024-07-24T23:26:48 IST" name="Default suite" finished-at="2024-07-24T23:26:57 IST" duration-ms="9143">
    <groups>
    </groups>
    <test started-at="2024-07-24T23:26:48 IST" name="Default test" finished-at="2024-07-24T23:26:57 IST" duration-ms="9143">
      <class name="com.fw.testcases.UserTests2">
        <test-method is-config="true" signature="setUpData()[pri:0, instance:com.fw.testcases.UserTests2@397fbdb]" started-at="2024-07-24T23:26:48 IST" name="setUpData" finished-at="2024-07-24T23:26:49 IST" duration-ms="669" status="PASS">
          <reporter-output>
          </reporter-output>
        </test-method> <!-- setUpData -->
        <test-method signature="testCreateUser()[pri:1, instance:com.fw.testcases.UserTests2@397fbdb]" started-at="2024-07-24T23:26:49 IST" name="testCreateUser" finished-at="2024-07-24T23:26:52 IST" duration-ms="2942" status="PASS">
          <reporter-output>
          </reporter-output>
        </test-method> <!-- testCreateUser -->
        <test-method signature="testGetUser()[pri:2, instance:com.fw.testcases.UserTests2@397fbdb]" started-at="2024-07-24T23:26:52 IST" name="testGetUser" finished-at="2024-07-24T23:26:53 IST" duration-ms="1382" status="PASS">
          <reporter-output>
          </reporter-output>
        </test-method> <!-- testGetUser -->
        <test-method signature="updateUser()[pri:3, instance:com.fw.testcases.UserTests2@397fbdb]" started-at="2024-07-24T23:26:53 IST" name="updateUser" finished-at="2024-07-24T23:26:56 IST" duration-ms="2741" status="PASS">
          <reporter-output>
          </reporter-output>
        </test-method> <!-- updateUser -->
        <test-method signature="deleteUser()[pri:4, instance:com.fw.testcases.UserTests2@397fbdb]" started-at="2024-07-24T23:26:56 IST" name="deleteUser" finished-at="2024-07-24T23:26:57 IST" duration-ms="1366" status="PASS">
          <reporter-output>
          </reporter-output>
        </test-method> <!-- deleteUser -->
      </class> <!-- com.fw.testcases.UserTests2 -->
    </test> <!-- Default test -->
  </suite> <!-- Default suite -->
</testng-results>
